SF:lib/data/model/github_repo.dart
DA:8,1
DA:19,0
DA:20,0
DA:22,1
DA:23,4
LF:5
LH:3
end_of_record
SF:lib/data/model/github_repo.g.dart
DA:9,0
DA:10,0
DA:11,0
DA:12,0
DA:15,0
DA:16,0
DA:17,0
DA:18,0
DA:19,0
LF:9
LH:0
end_of_record
SF:lib/data/repository/app_repository_impl.dart
DA:7,0
DA:14,0
DA:16,0
DA:17,0
DA:18,0
LF:5
LH:0
end_of_record
SF:lib/features/repos/bloc/repos_bloc.dart
DA:11,1
DA:13,2
DA:14,2
DA:17,1
DA:22,2
DA:23,2
DA:24,2
DA:26,0
LF:8
LH:7
end_of_record
SF:lib/features/repos/bloc/repos_event.dart
DA:4,1
DA:5,0
DA:6,0
LF:3
LH:1
end_of_record
SF:lib/features/repos/bloc/repos_state.dart
DA:5,2
DA:7,1
DA:8,1
DA:10,0
DA:20,2
DA:22,1
DA:23,2
DA:26,0
DA:28,0
DA:35,1
LF:10
LH:7
end_of_record
SF:lib/data/client/app_client.g.dart
DA:12,0
DA:21,0
DA:24,0
DA:25,0
DA:27,0
DA:28,0
DA:33,0
DA:34,0
DA:39,0
DA:40,0
DA:41,0
DA:42,0
DA:46,0
DA:47,0
DA:48,0
DA:49,0
DA:50,0
DA:51,0
DA:53,0
LF:19
LH:0
end_of_record
SF:lib/data/client/exceptions/custom_exception.dart
DA:2,0
DA:3,0
DA:5,0
LF:3
LH:0
end_of_record
SF:lib/data/client/exceptions/exception_handler.dart
DA:8,0
DA:10,0
DA:11,0
DA:12,0
DA:16,0
DA:17,0
DA:18,0
DA:19,0
DA:22,0
DA:24,0
DA:26,0
DA:27,0
DA:29,0
DA:32,0
DA:34,0
DA:35,0
DA:37,0
LF:17
LH:0
end_of_record
